[35m[Appium][39m Welcome to Appium v1.22.3
[35m[Appium][39m Non-default server args:
[35m[Appium][39m   port: 57781
[35m[Appium][39m   loglevel: info
[35m[Appium][39m   tmpDir: C:\Users\angel\AppData\Local\Temp\\Katalon\Appium\Temp1669909787647
[35m[Appium][39m   chromedriverPort: 57783
[35m[Appium][39m Deprecated server args:
[35m[Appium][39m   [31m--chromedriver-port[39m => --default-capabilities
[35m[Appium][39m Default capabilities, which will be added to each request unless overridden by desired capabilities:
[35m[Appium][39m   chromedriverPort: 57783
[35m[Appium][39m Appium REST http interface listener started on 0.0.0.0:57781
[35m[HTTP][39m [37m-->[39m [37mGET[39m [37m/wd/hub/status[39m
[35m[HTTP][39m [90m{}[39m
[35m[HTTP][39m [37m<-- GET /wd/hub/status [39m[32m200[39m [90m11 ms - 68[39m
[35m[HTTP][39m [90m[39m
[35m[HTTP][39m [37m-->[39m [37mGET[39m [37m/wd/hub/status[39m
[35m[HTTP][39m [90m{}[39m
[35m[HTTP][39m [37m<-- GET /wd/hub/status [39m[32m200[39m [90m2 ms - 68[39m
[35m[HTTP][39m [90m[39m
[35m[HTTP][39m [37m-->[39m [37mPOST[39m [37m/wd/hub/session[39m
[35m[HTTP][39m [90m{"desiredCapabilities":{"app":"C:\\Users\\angel\\Katalon Studio\\Mobile Testing\\androidapp\\MuleLight.apk","noReset":true,"deviceName":"samsung SM-A325M (Android 12)","fullReset":false,"platform":"ANDROID","newCommandTimeout":1800,"platformVersion":"12","automationName":"uiautomator2","autoGrantPermissions":true,"platformName":"Android","udid":"RF8R40BFJBK","systemPort":57803},"capabilities":{"firstMatch":[{"appium:app":"C:\\Users\\angel\\Katalon Studio\\Mobile Testing\\androidapp\\MuleLight.apk","appium:autoGrantPermissions":true,"appium:automationName":"uiautomator2","appium:deviceName":"samsung SM-A325M (Android 12)","appium:fullReset":false,"appium:newCommandTimeout":1800,"appium:noReset":true,"platform":"ANDROID","platformName":"android","appium:platformVersion":"12","appium:systemPort":57803,"appium:udid":"RF8R40BFJBK"}]}}[39m
[35m[BaseDriver][39m The following capabilities are not standard capabilities and should have an extension prefix:
[35m[BaseDriver][39m   platform
[35m[BaseDriver][39m   chromedriverPort
[35m[Appium][39m Appium v1.22.3 creating new AndroidUiautomator2Driver (v1.70.1) session
[35m[BaseDriver][39m The following capabilities were provided, but are not recognized by Appium:
[35m[BaseDriver][39m   platform
[35m[BaseDriver][39m Session created with session id: 512bf3b5-9f5e-4770-8e71-35307df206c9
[35m[BaseDriver][39m Using local app 'C:\Users\angel\Katalon Studio\Mobile Testing\androidapp\MuleLight.apk'
[35m[ADB][39m Found 1 'build-tools' folders under 'C:\Users\angel\.katalon\tools\android_sdk' (newest first):
[35m[ADB][39m     C:/Users/angel/.katalon/tools/android_sdk/build-tools/29.0.3
[35m[ADB][39m Using 'adb.exe' from 'C:\Users\angel\.katalon\tools\android_sdk\platform-tools\adb.exe'
[35m[AndroidDriver][39m Retrieving device list
[35m[AndroidDriver][39m Using device: RF8R40BFJBK
[35m[ADB][39m Using 'adb.exe' from 'C:\Users\angel\.katalon\tools\android_sdk\platform-tools\adb.exe'
[35m[ADB][39m Getting device platform version
[35m[UiAutomator2][39m Relaxing hidden api policy
[35m[ADB][39m Package name: 'torei.mulelight'
[35m[ADB][39m Main activity name: 'torei.mulelight.MainActivity'
[35m[ADB][39m Using 'apksigner.jar' from 'C:\Users\angel\.katalon\tools\android_sdk\build-tools\29.0.3\lib\apksigner.jar'
[35m[ADB][39m 'C:\Users\angel\AppData\Roaming\npm\node_modules\appium\node_modules\appium-uiautomator2-server\apks\appium-uiautomator2-server-v4.27.0.apk' is signed with the default certificate
[35m[ADB][39m 'C:\Users\angel\AppData\Roaming\npm\node_modules\appium\node_modules\appium-uiautomator2-server\apks\appium-uiautomator2-server-debug-androidTest.apk' is signed with the default certificate
[35m[UiAutomator2][39m Server packages are not going to be (re)installed
[35m[ADB][39m Adding packages ["io.appium.settings","io.appium.uiautomator2.server","io.appium.uiautomator2.server.test"] to Doze whitelist
[35m[ADB][39m 'C:\Users\angel\Katalon Studio\Mobile Testing\androidapp\MuleLight.apk' is signed with a non-default certificate
[35m[ADB][39m The application at 'C:\Users\angel\Katalon Studio\Mobile Testing\androidapp\MuleLight.apk' will not be cached, because the device under test has confirmed the support of streamed installs
[35m[ADB][39m The installation of 'MuleLight.apk' took 7973ms
[35m[UiAutomator2][39m Starting UIAutomator2 server 4.27.0
[35m[UiAutomator2][39m Using UIAutomator2 server from 'C:\Users\angel\AppData\Roaming\npm\node_modules\appium\node_modules\appium-uiautomator2-server\apks\appium-uiautomator2-server-v4.27.0.apk' and test from 'C:\Users\angel\AppData\Roaming\npm\node_modules\appium\node_modules\appium-uiautomator2-server\apks\appium-uiautomator2-server-debug-androidTest.apk'
[35m[UiAutomator2][39m Waiting up to 30000ms for UiAutomator2 to be online...
[35m[WD Proxy][39m socket hang up
[35m[WD Proxy][39m socket hang up
[35m[WD Proxy][39m socket hang up
[35m[WD Proxy][39m socket hang up
[35m[WD Proxy][39m socket hang up
[35m[WD Proxy][39m Determined the downstream protocol as 'W3C'
[35m[AndroidDriver][39m Screen already unlocked, doing nothing
[35m[UiAutomator2][39m Starting 'torei.mulelight/torei.mulelight.MainActivity and waiting for 'torei.mulelight/torei.mulelight.MainActivity'
[35m[Appium][39m New AndroidUiautomator2Driver session created successfully, session 512bf3b5-9f5e-4770-8e71-35307df206c9 added to master session list
[35m[HTTP][39m [37m<-- POST /wd/hub/session [39m[32m200[39m [90m24573 ms - 1301[39m
[35m[HTTP][39m [90m[39m
[35m[HTTP][39m [37m-->[39m [37mGET[39m [37m/wd/hub/session/512bf3b5-9f5e-4770-8e71-35307df206c9[39m
[35m[HTTP][39m [90m{}[39m
[35m[HTTP][39m [37m<-- GET /wd/hub/session/512bf3b5-9f5e-4770-8e71-35307df206c9 [39m[32m200[39m [90m35 ms - 1255[39m
[35m[HTTP][39m [90m[39m
[35m[HTTP][39m [37m-->[39m [37mGET[39m [37m/wd/hub/session/512bf3b5-9f5e-4770-8e71-35307df206c9[39m
[35m[HTTP][39m [90m{}[39m
[35m[HTTP][39m [37m<-- GET /wd/hub/session/512bf3b5-9f5e-4770-8e71-35307df206c9 [39m[32m200[39m [90m15 ms - 1255[39m
[35m[HTTP][39m [90m[39m
[35m[HTTP][39m [37m-->[39m [37mGET[39m [37m/wd/hub/status[39m
[35m[HTTP][39m [90m{}[39m
[35m[HTTP][39m [37m<-- GET /wd/hub/status [39m[32m200[39m [90m1 ms - 68[39m
[35m[HTTP][39m [90m[39m
[35m[HTTP][39m [37m-->[39m [37mPOST[39m [37m/wd/hub/session/512bf3b5-9f5e-4770-8e71-35307df206c9/timeouts[39m
[35m[HTTP][39m [90m{"implicit":60000}[39m
[35m[HTTP][39m [37m<-- POST /wd/hub/session/512bf3b5-9f5e-4770-8e71-35307df206c9/timeouts [39m[32m200[39m [90m5 ms - 14[39m
[35m[HTTP][39m [90m[39m
[35m[HTTP][39m [37m-->[39m [37mGET[39m [37m/wd/hub/session/512bf3b5-9f5e-4770-8e71-35307df206c9/source[39m
[35m[HTTP][39m [90m{}[39m
[35m[W3C (512bf3b5)][39m Driver proxy active, passing request on via HTTP proxy
[35m[WD Proxy][39m Replacing sessionId 089bcc25-45f4-47cc-b802-5a766c415d78 with 512bf3b5-9f5e-4770-8e71-35307df206c9
[35m[HTTP][39m [37m<-- GET /wd/hub/session/512bf3b5-9f5e-4770-8e71-35307df206c9/source [39m[32m200[39m [90m106 ms - 2287[39m
[35m[HTTP][39m [90m[39m
[35m[HTTP][39m [37m-->[39m [37mGET[39m [37m/wd/hub/session/512bf3b5-9f5e-4770-8e71-35307df206c9/screenshot[39m
[35m[HTTP][39m [90m{}[39m
[35m[HTTP][39m [37m<-- GET /wd/hub/session/512bf3b5-9f5e-4770-8e71-35307df206c9/screenshot [39m[32m200[39m [90m1310 ms - 434546[39m
[35m[HTTP][39m [90m[39m
[35m[HTTP][39m [37m-->[39m [37mGET[39m [37m/wd/hub/session/512bf3b5-9f5e-4770-8e71-35307df206c9/context[39m
[35m[HTTP][39m [90m{}[39m
[35m[HTTP][39m [37m<-- GET /wd/hub/session/512bf3b5-9f5e-4770-8e71-35307df206c9/context [39m[32m200[39m [90m4 ms - 22[39m
[35m[HTTP][39m [90m[39m
[35m[HTTP][39m [37m-->[39m [37mGET[39m [37m/wd/hub/session/512bf3b5-9f5e-4770-8e71-35307df206c9/contexts[39m
[35m[HTTP][39m [90m{}[39m
[35m[HTTP][39m [37m<-- GET /wd/hub/session/512bf3b5-9f5e-4770-8e71-35307df206c9/contexts [39m[32m200[39m [90m1007 ms - 50[39m
[35m[HTTP][39m [90m[39m
[35m[HTTP][39m [37m-->[39m [37mPOST[39m [37m/wd/hub/session/512bf3b5-9f5e-4770-8e71-35307df206c9/context[39m
[35m[HTTP][39m [90m{"name":"NATIVE_APP"}[39m
[35m[HTTP][39m [37m<-- POST /wd/hub/session/512bf3b5-9f5e-4770-8e71-35307df206c9/context [39m[32m200[39m [90m4 ms - 14[39m
[35m[HTTP][39m [90m[39m
[35m[HTTP][39m [37m-->[39m [37mPOST[39m [37m/wd/hub/session/512bf3b5-9f5e-4770-8e71-35307df206c9/orientation[39m
[35m[HTTP][39m [90m{"orientation":"PORTRAIT"}[39m
[35m[W3C (512bf3b5)][39m Driver proxy active, passing request on via HTTP proxy
[35m[WD Proxy][39m Replacing sessionId 089bcc25-45f4-47cc-b802-5a766c415d78 with 512bf3b5-9f5e-4770-8e71-35307df206c9
[35m[HTTP][39m [37m<-- POST /wd/hub/session/512bf3b5-9f5e-4770-8e71-35307df206c9/orientation [39m[32m200[39m [90m29 ms - 71[39m
[35m[HTTP][39m [90m[39m
[35m[HTTP][39m [37m-->[39m [37mPOST[39m [37m/wd/hub/session/512bf3b5-9f5e-4770-8e71-35307df206c9/context[39m
[35m[HTTP][39m [90m{"name":"NATIVE_APP"}[39m
[35m[HTTP][39m [37m<-- POST /wd/hub/session/512bf3b5-9f5e-4770-8e71-35307df206c9/context [39m[32m200[39m [90m2 ms - 14[39m
[35m[HTTP][39m [90m[39m
[35m[HTTP][39m [37m-->[39m [37mGET[39m [37m/wd/hub/session/512bf3b5-9f5e-4770-8e71-35307df206c9/source[39m
[35m[HTTP][39m [90m{}[39m
[35m[W3C (512bf3b5)][39m Driver proxy active, passing request on via HTTP proxy
[35m[WD Proxy][39m Replacing sessionId 089bcc25-45f4-47cc-b802-5a766c415d78 with 512bf3b5-9f5e-4770-8e71-35307df206c9
[35m[HTTP][39m [37m<-- GET /wd/hub/session/512bf3b5-9f5e-4770-8e71-35307df206c9/source [39m[32m200[39m [90m132 ms - 9308[39m
[35m[HTTP][39m [90m[39m
[35m[HTTP][39m [37m-->[39m [37mGET[39m [37m/wd/hub/session/512bf3b5-9f5e-4770-8e71-35307df206c9/screenshot[39m
[35m[HTTP][39m [90m{}[39m
[35m[HTTP][39m [37m<-- GET /wd/hub/session/512bf3b5-9f5e-4770-8e71-35307df206c9/screenshot [39m[32m200[39m [90m2810 ms - 2112170[39m
[35m[HTTP][39m [90m[39m
[35m[HTTP][39m [37m-->[39m [37mPOST[39m [37m/wd/hub/session/512bf3b5-9f5e-4770-8e71-35307df206c9/elements[39m
[35m[HTTP][39m [90m{"using":"xpath","value":"//*[@class = 'android.view.View' and (@text = '' or . = '')]"}[39m
[35m[HTTP][39m [37m<-- POST /wd/hub/session/512bf3b5-9f5e-4770-8e71-35307df206c9/elements [39m[32m200[39m [90m591 ms - 1547[39m
[35m[HTTP][39m [90m[39m
[35m[HTTP][39m [37m-->[39m [37mPOST[39m [37m/wd/hub/session/512bf3b5-9f5e-4770-8e71-35307df206c9/elements[39m
[35m[HTTP][39m [90m{"using":"accessibility id","value":"SIGN IN"}[39m
[35m[HTTP][39m [37m<-- POST /wd/hub/session/512bf3b5-9f5e-4770-8e71-35307df206c9/elements [39m[32m200[39m [90m627 ms - 139[39m
[35m[HTTP][39m [90m[39m
[35m[HTTP][39m [37m-->[39m [37mGET[39m [37m/wd/hub/session/512bf3b5-9f5e-4770-8e71-35307df206c9/window/rect[39m
[35m[HTTP][39m [90m{}[39m
[35m[HTTP][39m [37m<-- GET /wd/hub/session/512bf3b5-9f5e-4770-8e71-35307df206c9/window/rect [39m[32m200[39m [90m29 ms - 50[39m
[35m[HTTP][39m [90m[39m
[35m[HTTP][39m [37m-->[39m [37mPOST[39m [37m/wd/hub/session/512bf3b5-9f5e-4770-8e71-35307df206c9/elements[39m
[35m[HTTP][39m [90m{"using":"accessibility id","value":"SIGN IN"}[39m
[35m[HTTP][39m [37m<-- POST /wd/hub/session/512bf3b5-9f5e-4770-8e71-35307df206c9/elements [39m[32m200[39m [90m72 ms - 139[39m
[35m[HTTP][39m [90m[39m
[35m[HTTP][39m [37m-->[39m [37mGET[39m [37m/wd/hub/session/512bf3b5-9f5e-4770-8e71-35307df206c9/element/00000000-0000-00fd-0000-00290000000e/location[39m
[35m[HTTP][39m [90m{}[39m
[35m[W3C (512bf3b5)][39m Driver proxy active, passing request on via HTTP proxy
[35m[WD Proxy][39m Replacing sessionId 089bcc25-45f4-47cc-b802-5a766c415d78 with 512bf3b5-9f5e-4770-8e71-35307df206c9
[35m[HTTP][39m [37m<-- GET /wd/hub/session/512bf3b5-9f5e-4770-8e71-35307df206c9/element/00000000-0000-00fd-0000-00290000000e/location [39m[32m200[39m [90m34 ms - 77[39m
[35m[HTTP][39m [90m[39m
[35m[HTTP][39m [37m-->[39m [37mPOST[39m [37m/wd/hub/session/512bf3b5-9f5e-4770-8e71-35307df206c9/element/00000000-0000-00fd-0000-00290000000e/click[39m
[35m[HTTP][39m [90m{"id":"00000000-0000-00fd-0000-00290000000e"}[39m
[35m[HTTP][39m [37m<-- POST /wd/hub/session/512bf3b5-9f5e-4770-8e71-35307df206c9/element/00000000-0000-00fd-0000-00290000000e/click [39m[32m200[39m [90m84 ms - 14[39m
[35m[HTTP][39m [90m[39m
[35m[HTTP][39m [37m-->[39m [37mGET[39m [37m/wd/hub/session/512bf3b5-9f5e-4770-8e71-35307df206c9/source[39m
[35m[HTTP][39m [90m{}[39m
[35m[W3C (512bf3b5)][39m Driver proxy active, passing request on via HTTP proxy
[35m[WD Proxy][39m Replacing sessionId 089bcc25-45f4-47cc-b802-5a766c415d78 with 512bf3b5-9f5e-4770-8e71-35307df206c9
[35m[HTTP][39m [37m<-- GET /wd/hub/session/512bf3b5-9f5e-4770-8e71-35307df206c9/source [39m[32m200[39m [90m1354 ms - 15351[39m
[35m[HTTP][39m [90m[39m
[35m[HTTP][39m [37m-->[39m [37mGET[39m [37m/wd/hub/session/512bf3b5-9f5e-4770-8e71-35307df206c9/screenshot[39m
[35m[HTTP][39m [90m{}[39m
[35m[HTTP][39m [37m<-- GET /wd/hub/session/512bf3b5-9f5e-4770-8e71-35307df206c9/screenshot [39m[32m200[39m [90m997 ms - 200670[39m
[35m[HTTP][39m [90m[39m
[35m[HTTP][39m [37m-->[39m [37mPOST[39m [37m/wd/hub/session/512bf3b5-9f5e-4770-8e71-35307df206c9/elements[39m
[35m[HTTP][39m [90m{"using":"xpath","value":"//*[@class = 'android.widget.EditText' and (@text = 'demo1-mule' or . = 'demo1-mule')]"}[39m
[35m[HTTP][39m [37m<-- POST /wd/hub/session/512bf3b5-9f5e-4770-8e71-35307df206c9/elements [39m[32m200[39m [90m760 ms - 139[39m
[35m[HTTP][39m [90m[39m
[35m[HTTP][39m [37m-->[39m [37mGET[39m [37m/wd/hub/session/512bf3b5-9f5e-4770-8e71-35307df206c9/window/rect[39m
[35m[HTTP][39m [90m{}[39m
[35m[HTTP][39m [37m<-- GET /wd/hub/session/512bf3b5-9f5e-4770-8e71-35307df206c9/window/rect [39m[32m200[39m [90m22 ms - 50[39m
[35m[HTTP][39m [90m[39m
[35m[HTTP][39m [37m-->[39m [37mPOST[39m [37m/wd/hub/session/512bf3b5-9f5e-4770-8e71-35307df206c9/elements[39m
[35m[HTTP][39m [90m{"using":"xpath","value":"//*[@class = 'android.widget.EditText' and (@text = 'demo1-mule' or . = 'demo1-mule')]"}[39m
[35m[HTTP][39m [37m<-- POST /wd/hub/session/512bf3b5-9f5e-4770-8e71-35307df206c9/elements [39m[32m200[39m [90m259 ms - 139[39m
[35m[HTTP][39m [90m[39m
[35m[HTTP][39m [37m-->[39m [37mGET[39m [37m/wd/hub/session/512bf3b5-9f5e-4770-8e71-35307df206c9/element/00000000-0000-00fd-0000-00690000000e/location[39m
[35m[HTTP][39m [90m{}[39m
[35m[W3C (512bf3b5)][39m Driver proxy active, passing request on via HTTP proxy
[35m[WD Proxy][39m Replacing sessionId 089bcc25-45f4-47cc-b802-5a766c415d78 with 512bf3b5-9f5e-4770-8e71-35307df206c9
[35m[HTTP][39m [37m<-- GET /wd/hub/session/512bf3b5-9f5e-4770-8e71-35307df206c9/element/00000000-0000-00fd-0000-00690000000e/location [39m[32m200[39m [90m29 ms - 77[39m
[35m[HTTP][39m [90m[39m
[35m[HTTP][39m [37m-->[39m [37mPOST[39m [37m/wd/hub/session/512bf3b5-9f5e-4770-8e71-35307df206c9/element/00000000-0000-00fd-0000-00690000000e/clear[39m
[35m[HTTP][39m [90m{"id":"00000000-0000-00fd-0000-00690000000e"}[39m
[35m[HTTP][39m [37m<-- POST /wd/hub/session/512bf3b5-9f5e-4770-8e71-35307df206c9/element/00000000-0000-00fd-0000-00690000000e/clear [39m[32m200[39m [90m37 ms - 14[39m
[35m[HTTP][39m [90m[39m
[35m[HTTP][39m [37m-->[39m [37mGET[39m [37m/wd/hub/session/512bf3b5-9f5e-4770-8e71-35307df206c9/source[39m
[35m[HTTP][39m [90m{}[39m
[35m[W3C (512bf3b5)][39m Driver proxy active, passing request on via HTTP proxy
[35m[WD Proxy][39m Replacing sessionId 089bcc25-45f4-47cc-b802-5a766c415d78 with 512bf3b5-9f5e-4770-8e71-35307df206c9
[35m[HTTP][39m [37m<-- GET /wd/hub/session/512bf3b5-9f5e-4770-8e71-35307df206c9/source [39m[32m200[39m [90m478 ms - 15342[39m
[35m[HTTP][39m [90m[39m
[35m[HTTP][39m [37m-->[39m [37mGET[39m [37m/wd/hub/session/512bf3b5-9f5e-4770-8e71-35307df206c9/screenshot[39m
[35m[HTTP][39m [90m{}[39m
[35m[HTTP][39m [37m<-- GET /wd/hub/session/512bf3b5-9f5e-4770-8e71-35307df206c9/screenshot [39m[32m200[39m [90m905 ms - 196138[39m
[35m[HTTP][39m [90m[39m
[35m[HTTP][39m [37m-->[39m [37mPOST[39m [37m/wd/hub/session/512bf3b5-9f5e-4770-8e71-35307df206c9/elements[39m
[35m[HTTP][39m [90m{"using":"xpath","value":"//*[@class = 'android.widget.EditText' and (@text = '' or . = '')]"}[39m
[35m[HTTP][39m [37m<-- POST /wd/hub/session/512bf3b5-9f5e-4770-8e71-35307df206c9/elements [39m[32m200[39m [90m321 ms - 267[39m
[35m[HTTP][39m [90m[39m
[35m[HTTP][39m [37m-->[39m [37mPOST[39m [37m/wd/hub/session/512bf3b5-9f5e-4770-8e71-35307df206c9/elements[39m
[35m[HTTP][39m [90m{"using":"-android uiautomator","value":"new UiSelector().className(\"android.widget.EditText\")"}[39m
[35m[HTTP][39m [37m<-- POST /wd/hub/session/512bf3b5-9f5e-4770-8e71-35307df206c9/elements [39m[32m200[39m [90m161 ms - 267[39m
[35m[HTTP][39m [90m[39m
[35m[HTTP][39m [37m-->[39m [37mGET[39m [37m/wd/hub/session/512bf3b5-9f5e-4770-8e71-35307df206c9/window/rect[39m
[35m[HTTP][39m [90m{}[39m
[35m[HTTP][39m [37m<-- GET /wd/hub/session/512bf3b5-9f5e-4770-8e71-35307df206c9/window/rect [39m[32m200[39m [90m19 ms - 50[39m
[35m[HTTP][39m [90m[39m
[35m[HTTP][39m [37m-->[39m [37mPOST[39m [37m/wd/hub/session/512bf3b5-9f5e-4770-8e71-35307df206c9/elements[39m
[35m[HTTP][39m [90m{"using":"xpath","value":"//hierarchy/android.widget.FrameLayout[1]/android.widget.LinearLayout[1]/android.widget.FrameLayout[1]/android.webkit.WebView[1]/android.webkit.WebView[1]/android.view.View[1]/android.view.View[1]/android.view.View[1]/android.view.View[1]/android.view.View[1]/android.view.View[1]/android.view.View[1]/android.view.View[1]/android.view.View[1]/android.view.View[1]/android.view.View[1]/android.view.View[1]/android.view.View[1]/android.view.View[1]/android.widget.EditText[1]"}[39m
[35m[HTTP][39m [37m<-- POST /wd/hub/session/512bf3b5-9f5e-4770-8e71-35307df206c9/elements [39m[32m200[39m [90m289 ms - 139[39m
[35m[HTTP][39m [90m[39m
[35m[HTTP][39m [37m-->[39m [37mGET[39m [37m/wd/hub/session/512bf3b5-9f5e-4770-8e71-35307df206c9/element/00000000-0000-00fd-0000-00690000000e/location[39m
[35m[HTTP][39m [90m{}[39m
[35m[W3C (512bf3b5)][39m Driver proxy active, passing request on via HTTP proxy
[35m[WD Proxy][39m Replacing sessionId 089bcc25-45f4-47cc-b802-5a766c415d78 with 512bf3b5-9f5e-4770-8e71-35307df206c9
[35m[HTTP][39m [37m<-- GET /wd/hub/session/512bf3b5-9f5e-4770-8e71-35307df206c9/element/00000000-0000-00fd-0000-00690000000e/location [39m[32m200[39m [90m26 ms - 77[39m
[35m[HTTP][39m [90m[39m
[35m[HTTP][39m [37m-->[39m [37mPOST[39m [37m/wd/hub/session/512bf3b5-9f5e-4770-8e71-35307df206c9/element/00000000-0000-00fd-0000-00690000000e/clear[39m
[35m[HTTP][39m [90m{"id":"00000000-0000-00fd-0000-00690000000e"}[39m
[35m[HTTP][39m [37m<-- POST /wd/hub/session/512bf3b5-9f5e-4770-8e71-35307df206c9/element/00000000-0000-00fd-0000-00690000000e/clear [39m[32m200[39m [90m34 ms - 14[39m
[35m[HTTP][39m [90m[39m
[35m[HTTP][39m [37m-->[39m [37mPOST[39m [37m/wd/hub/session/512bf3b5-9f5e-4770-8e71-35307df206c9/element/00000000-0000-00fd-0000-00690000000e/value[39m
[35m[HTTP][39m [90m{"id":"00000000-0000-00fd-0000-00690000000e","text":"torei-devops","value":["t","o","r","e","i","-","d","e","v","o","p","s"]}[39m
[35m[HTTP][39m [37m<-- POST /wd/hub/session/512bf3b5-9f5e-4770-8e71-35307df206c9/element/00000000-0000-00fd-0000-00690000000e/value [39m[32m200[39m [90m54 ms - 14[39m
[35m[HTTP][39m [90m[39m
[35m[HTTP][39m [37m-->[39m [37mGET[39m [37m/wd/hub/session/512bf3b5-9f5e-4770-8e71-35307df206c9/source[39m
[35m[HTTP][39m [90m{}[39m
[35m[W3C (512bf3b5)][39m Driver proxy active, passing request on via HTTP proxy
[35m[WD Proxy][39m Replacing sessionId 089bcc25-45f4-47cc-b802-5a766c415d78 with 512bf3b5-9f5e-4770-8e71-35307df206c9
[35m[HTTP][39m [37m<-- GET /wd/hub/session/512bf3b5-9f5e-4770-8e71-35307df206c9/source [39m[32m200[39m [90m474 ms - 15353[39m
[35m[HTTP][39m [90m[39m
[35m[HTTP][39m [37m-->[39m [37mGET[39m [37m/wd/hub/session/512bf3b5-9f5e-4770-8e71-35307df206c9/screenshot[39m
[35m[HTTP][39m [90m{}[39m
[35m[HTTP][39m [37m<-- GET /wd/hub/session/512bf3b5-9f5e-4770-8e71-35307df206c9/screenshot [39m[32m200[39m [90m949 ms - 202110[39m
[35m[HTTP][39m [90m[39m
[35m[HTTP][39m [37m-->[39m [37mPOST[39m [37m/wd/hub/session/512bf3b5-9f5e-4770-8e71-35307df206c9/elements[39m
[35m[HTTP][39m [90m{"using":"xpath","value":"//*[@class = 'android.widget.EditText' and (@text = '' or . = '')]"}[39m
[35m[HTTP][39m [37m<-- POST /wd/hub/session/512bf3b5-9f5e-4770-8e71-35307df206c9/elements [39m[32m200[39m [90m311 ms - 267[39m
[35m[HTTP][39m [90m[39m
[35m[HTTP][39m [37m-->[39m [37mPOST[39m [37m/wd/hub/session/512bf3b5-9f5e-4770-8e71-35307df206c9/elements[39m
[35m[HTTP][39m [90m{"using":"-android uiautomator","value":"new UiSelector().className(\"android.widget.EditText\")"}[39m
[35m[HTTP][39m [37m<-- POST /wd/hub/session/512bf3b5-9f5e-4770-8e71-35307df206c9/elements [39m[32m200[39m [90m117 ms - 267[39m
[35m[HTTP][39m [90m[39m
[35m[HTTP][39m [37m-->[39m [37mGET[39m [37m/wd/hub/session/512bf3b5-9f5e-4770-8e71-35307df206c9/window/rect[39m
[35m[HTTP][39m [90m{}[39m
[35m[HTTP][39m [37m<-- GET /wd/hub/session/512bf3b5-9f5e-4770-8e71-35307df206c9/window/rect [39m[32m200[39m [90m24 ms - 50[39m
[35m[HTTP][39m [90m[39m
[35m[HTTP][39m [37m-->[39m [37mPOST[39m [37m/wd/hub/session/512bf3b5-9f5e-4770-8e71-35307df206c9/elements[39m
[35m[HTTP][39m [90m{"using":"xpath","value":"//hierarchy/android.widget.FrameLayout[1]/android.widget.LinearLayout[1]/android.widget.FrameLayout[1]/android.webkit.WebView[1]/android.webkit.WebView[1]/android.view.View[1]/android.view.View[1]/android.view.View[1]/android.view.View[1]/android.view.View[1]/android.view.View[1]/android.view.View[1]/android.view.View[1]/android.view.View[1]/android.view.View[2]/android.view.View[1]/android.view.View[1]/android.view.View[1]/android.view.View[1]/android.widget.EditText[1]"}[39m
[35m[HTTP][39m [37m<-- POST /wd/hub/session/512bf3b5-9f5e-4770-8e71-35307df206c9/elements [39m[32m200[39m [90m253 ms - 139[39m
[35m[HTTP][39m [90m[39m
[35m[HTTP][39m [37m-->[39m [37mGET[39m [37m/wd/hub/session/512bf3b5-9f5e-4770-8e71-35307df206c9/element/00000000-0000-00fd-0000-006b0000000e/location[39m
[35m[HTTP][39m [90m{}[39m
[35m[W3C (512bf3b5)][39m Driver proxy active, passing request on via HTTP proxy
[35m[WD Proxy][39m Replacing sessionId 089bcc25-45f4-47cc-b802-5a766c415d78 with 512bf3b5-9f5e-4770-8e71-35307df206c9
[35m[HTTP][39m [37m<-- GET /wd/hub/session/512bf3b5-9f5e-4770-8e71-35307df206c9/element/00000000-0000-00fd-0000-006b0000000e/location [39m[32m200[39m [90m29 ms - 77[39m
[35m[HTTP][39m [90m[39m
[35m[HTTP][39m [37m-->[39m [37mPOST[39m [37m/wd/hub/session/512bf3b5-9f5e-4770-8e71-35307df206c9/element/00000000-0000-00fd-0000-006b0000000e/clear[39m
[35m[HTTP][39m [90m{"id":"00000000-0000-00fd-0000-006b0000000e"}[39m
[35m[HTTP][39m [37m<-- POST /wd/hub/session/512bf3b5-9f5e-4770-8e71-35307df206c9/element/00000000-0000-00fd-0000-006b0000000e/clear [39m[32m200[39m [90m33 ms - 14[39m
[35m[HTTP][39m [90m[39m
[35m[HTTP][39m [37m-->[39m [37mPOST[39m [37m/wd/hub/session/512bf3b5-9f5e-4770-8e71-35307df206c9/element/00000000-0000-00fd-0000-006b0000000e/value[39m
[35m[HTTP][39m [90m{"id":"00000000-0000-00fd-0000-006b0000000e","text":"Torei2022_%_ML","value":["T","o","r","e","i","2","0","2","2","_","%","_","M","L"]}[39m
[35m[HTTP][39m [37m<-- POST /wd/hub/session/512bf3b5-9f5e-4770-8e71-35307df206c9/element/00000000-0000-00fd-0000-006b0000000e/value [39m[32m200[39m [90m47 ms - 14[39m
[35m[HTTP][39m [90m[39m
[35m[HTTP][39m [37m-->[39m [37mGET[39m [37m/wd/hub/session/512bf3b5-9f5e-4770-8e71-35307df206c9/source[39m
[35m[HTTP][39m [90m{}[39m
[35m[W3C (512bf3b5)][39m Driver proxy active, passing request on via HTTP proxy
[35m[WD Proxy][39m Replacing sessionId 089bcc25-45f4-47cc-b802-5a766c415d78 with 512bf3b5-9f5e-4770-8e71-35307df206c9
[35m[HTTP][39m [37m<-- GET /wd/hub/session/512bf3b5-9f5e-4770-8e71-35307df206c9/source [39m[32m200[39m [90m477 ms - 15366[39m
[35m[HTTP][39m [90m[39m
[35m[HTTP][39m [37m-->[39m [37mGET[39m [37m/wd/hub/session/512bf3b5-9f5e-4770-8e71-35307df206c9/screenshot[39m
[35m[HTTP][39m [90m{}[39m
[35m[HTTP][39m [37m<-- GET /wd/hub/session/512bf3b5-9f5e-4770-8e71-35307df206c9/screenshot [39m[32m200[39m [90m932 ms - 200872[39m
[35m[HTTP][39m [90m[39m
[35m[HTTP][39m [37m-->[39m [37mPOST[39m [37m/wd/hub/session/512bf3b5-9f5e-4770-8e71-35307df206c9/elements[39m
[35m[HTTP][39m [90m{"using":"xpath","value":"//*[@class = 'android.widget.Button' and (@text = 'SIGN IN' or . = 'SIGN IN')]"}[39m
[35m[HTTP][39m [37m<-- POST /wd/hub/session/512bf3b5-9f5e-4770-8e71-35307df206c9/elements [39m[32m200[39m [90m259 ms - 139[39m
[35m[HTTP][39m [90m[39m
[35m[HTTP][39m [37m-->[39m [37mGET[39m [37m/wd/hub/session/512bf3b5-9f5e-4770-8e71-35307df206c9/window/rect[39m
[35m[HTTP][39m [90m{}[39m
[35m[HTTP][39m [37m<-- GET /wd/hub/session/512bf3b5-9f5e-4770-8e71-35307df206c9/window/rect [39m[32m200[39m [90m13 ms - 50[39m
[35m[HTTP][39m [90m[39m
[35m[HTTP][39m [37m-->[39m [37mPOST[39m [37m/wd/hub/session/512bf3b5-9f5e-4770-8e71-35307df206c9/elements[39m
[35m[HTTP][39m [90m{"using":"xpath","value":"//*[@class = 'android.widget.Button' and (@text = 'SIGN IN' or . = 'SIGN IN')]"}[39m
[35m[HTTP][39m [37m<-- POST /wd/hub/session/512bf3b5-9f5e-4770-8e71-35307df206c9/elements [39m[32m200[39m [90m260 ms - 139[39m
[35m[HTTP][39m [90m[39m
[35m[HTTP][39m [37m-->[39m [37mGET[39m [37m/wd/hub/session/512bf3b5-9f5e-4770-8e71-35307df206c9/element/00000000-0000-00fd-0000-003b0000000e/location[39m
[35m[HTTP][39m [90m{}[39m
[35m[W3C (512bf3b5)][39m Driver proxy active, passing request on via HTTP proxy
[35m[WD Proxy][39m Replacing sessionId 089bcc25-45f4-47cc-b802-5a766c415d78 with 512bf3b5-9f5e-4770-8e71-35307df206c9
[35m[HTTP][39m [37m<-- GET /wd/hub/session/512bf3b5-9f5e-4770-8e71-35307df206c9/element/00000000-0000-00fd-0000-003b0000000e/location [39m[32m200[39m [90m21 ms - 77[39m
[35m[HTTP][39m [90m[39m
[35m[HTTP][39m [37m-->[39m [37mPOST[39m [37m/wd/hub/session/512bf3b5-9f5e-4770-8e71-35307df206c9/element/00000000-0000-00fd-0000-003b0000000e/click[39m
[35m[HTTP][39m [90m{"id":"00000000-0000-00fd-0000-003b0000000e"}[39m
[35m[HTTP][39m [37m<-- POST /wd/hub/session/512bf3b5-9f5e-4770-8e71-35307df206c9/element/00000000-0000-00fd-0000-003b0000000e/click [39m[32m200[39m [90m47 ms - 14[39m
[35m[HTTP][39m [90m[39m
[35m[HTTP][39m [37m-->[39m [37mGET[39m [37m/wd/hub/session/512bf3b5-9f5e-4770-8e71-35307df206c9/source[39m
[35m[HTTP][39m [90m{}[39m
[35m[W3C (512bf3b5)][39m Driver proxy active, passing request on via HTTP proxy
[35m[WD Proxy][39m Replacing sessionId 089bcc25-45f4-47cc-b802-5a766c415d78 with 512bf3b5-9f5e-4770-8e71-35307df206c9
[35m[HTTP][39m [37m<-- GET /wd/hub/session/512bf3b5-9f5e-4770-8e71-35307df206c9/source [39m[32m200[39m [90m1443 ms - 15208[39m
[35m[HTTP][39m [90m[39m
[35m[HTTP][39m [37m-->[39m [37mGET[39m [37m/wd/hub/session/512bf3b5-9f5e-4770-8e71-35307df206c9/screenshot[39m
[35m[HTTP][39m [90m{}[39m
[35m[HTTP][39m [37m<-- GET /wd/hub/session/512bf3b5-9f5e-4770-8e71-35307df206c9/screenshot [39m[32m200[39m [90m866 ms - 123540[39m
[35m[HTTP][39m [90m[39m
[35m[HTTP][39m [37m-->[39m [37mPOST[39m [37m/wd/hub/session/512bf3b5-9f5e-4770-8e71-35307df206c9/elements[39m
[35m[HTTP][39m [90m{"using":"xpath","value":"//*[@class = 'android.widget.TextView' and (@text = 'This is Demo' or . = 'This is Demo')]"}[39m
[35m[HTTP][39m [37m<-- POST /wd/hub/session/512bf3b5-9f5e-4770-8e71-35307df206c9/elements [39m[32m200[39m [90m698 ms - 139[39m
[35m[HTTP][39m [90m[39m
[35m[HTTP][39m [37m-->[39m [37mPOST[39m [37m/wd/hub/session/512bf3b5-9f5e-4770-8e71-35307df206c9/elements[39m
[35m[HTTP][39m [90m{"using":"xpath","value":"//*[@class = 'android.widget.TextView' and (@text = 'This is Demo' or . = 'This is Demo')]"}[39m
[35m[HTTP][39m [37m<-- POST /wd/hub/session/512bf3b5-9f5e-4770-8e71-35307df206c9/elements [39m[32m200[39m [90m176 ms - 139[39m
[35m[HTTP][39m [90m[39m
[35m[HTTP][39m [37m-->[39m [37mPOST[39m [37m/wd/hub/session/512bf3b5-9f5e-4770-8e71-35307df206c9/elements[39m
[35m[HTTP][39m [90m{"using":"xpath","value":"//*[@class = 'android.widget.TextView' and (@text = 'This is Demo' or . = 'This is Demo')]"}[39m
[35m[HTTP][39m [37m<-- POST /wd/hub/session/512bf3b5-9f5e-4770-8e71-35307df206c9/elements [39m[32m200[39m [90m207 ms - 139[39m
[35m[HTTP][39m [90m[39m
[35m[HTTP][39m [37m-->[39m [37mGET[39m [37m/wd/hub/session/512bf3b5-9f5e-4770-8e71-35307df206c9/source[39m
[35m[HTTP][39m [90m{}[39m
[35m[W3C (512bf3b5)][39m Driver proxy active, passing request on via HTTP proxy
[35m[WD Proxy][39m Replacing sessionId 089bcc25-45f4-47cc-b802-5a766c415d78 with 512bf3b5-9f5e-4770-8e71-35307df206c9
[35m[HTTP][39m [37m<-- GET /wd/hub/session/512bf3b5-9f5e-4770-8e71-35307df206c9/source [39m[32m200[39m [90m166 ms - 15208[39m
[35m[HTTP][39m [90m[39m
[35m[HTTP][39m [37m-->[39m [37mGET[39m [37m/wd/hub/session/512bf3b5-9f5e-4770-8e71-35307df206c9/screenshot[39m
[35m[HTTP][39m [90m{}[39m
[35m[HTTP][39m [37m<-- GET /wd/hub/session/512bf3b5-9f5e-4770-8e71-35307df206c9/screenshot [39m[32m200[39m [90m894 ms - 123738[39m
[35m[HTTP][39m [90m[39m
[35m[HTTP][39m [37m-->[39m [37mDELETE[39m [37m/wd/hub/session/512bf3b5-9f5e-4770-8e71-35307df206c9[39m
[35m[HTTP][39m [90m{}[39m
[35m[Appium][39m Removing session 512bf3b5-9f5e-4770-8e71-35307df206c9 from our master session list
[35m[UiAutomator2][39m Restoring hidden api policy to the device default configuration
[35m[HTTP][39m [37m<-- DELETE /wd/hub/session/512bf3b5-9f5e-4770-8e71-35307df206c9 [39m[32m200[39m [90m585 ms - 14[39m
[35m[HTTP][39m [90m[39m
